[2015-11-21 10:04:21] local.ERROR: exception 'InvalidArgumentException' with message 'Command "controller" is not defined.

Did you mean this?
    make:controller' in D:\xampp\htdocs\duhut-na-vselenata\vendor\symfony\console\Application.php:511
Stack trace:
#0 D:\xampp\htdocs\duhut-na-vselenata\vendor\symfony\console\Application.php(186): Symfony\Component\Console\Application->find('controller')
#1 D:\xampp\htdocs\duhut-na-vselenata\vendor\symfony\console\Application.php(120): Symfony\Component\Console\Application->doRun(Object(Symfony\Component\Console\Input\ArgvInput), Object(Symfony\Component\Console\Output\ConsoleOutput))
#2 D:\xampp\htdocs\duhut-na-vselenata\vendor\laravel\framework\src\Illuminate\Foundation\Console\Kernel.php(107): Symfony\Component\Console\Application->run(Object(Symfony\Component\Console\Input\ArgvInput), Object(Symfony\Component\Console\Output\ConsoleOutput))
#3 D:\xampp\htdocs\duhut-na-vselenata\artisan(36): Illuminate\Foundation\Console\Kernel->handle(Object(Symfony\Component\Console\Input\ArgvInput), Object(Symfony\Component\Console\Output\ConsoleOutput))
#4 {main}  
[2015-11-21 10:04:39] local.ERROR: exception 'RuntimeException' with message 'Too many arguments.' in D:\xampp\htdocs\duhut-na-vselenata\vendor\symfony\console\Input\ArgvInput.php:177
Stack trace:
#0 D:\xampp\htdocs\duhut-na-vselenata\vendor\symfony\console\Input\ArgvInput.php(86): Symfony\Component\Console\Input\ArgvInput->parseArgument('help')
#1 D:\xampp\htdocs\duhut-na-vselenata\vendor\symfony\console\Input\Input.php(61): Symfony\Component\Console\Input\ArgvInput->parse()
#2 D:\xampp\htdocs\duhut-na-vselenata\vendor\symfony\console\Command\Command.php(221): Symfony\Component\Console\Input\Input->bind(Object(Symfony\Component\Console\Input\InputDefinition))
#3 D:\xampp\htdocs\duhut-na-vselenata\vendor\laravel\framework\src\Illuminate\Console\Command.php(136): Symfony\Component\Console\Command\Command->run(Object(Symfony\Component\Console\Input\ArgvInput), Object(Symfony\Component\Console\Output\ConsoleOutput))
#4 D:\xampp\htdocs\duhut-na-vselenata\vendor\symfony\console\Application.php(838): Illuminate\Console\Command->run(Object(Symfony\Component\Console\Input\ArgvInput), Object(Symfony\Component\Console\Output\ConsoleOutput))
#5 D:\xampp\htdocs\duhut-na-vselenata\vendor\symfony\console\Application.php(189): Symfony\Component\Console\Application->doRunCommand(Object(Illuminate\Routing\Console\ControllerMakeCommand), Object(Symfony\Component\Console\Input\ArgvInput), Object(Symfony\Component\Console\Output\ConsoleOutput))
#6 D:\xampp\htdocs\duhut-na-vselenata\vendor\symfony\console\Application.php(120): Symfony\Component\Console\Application->doRun(Object(Symfony\Component\Console\Input\ArgvInput), Object(Symfony\Component\Console\Output\ConsoleOutput))
#7 D:\xampp\htdocs\duhut-na-vselenata\vendor\laravel\framework\src\Illuminate\Foundation\Console\Kernel.php(107): Symfony\Component\Console\Application->run(Object(Symfony\Component\Console\Input\ArgvInput), Object(Symfony\Component\Console\Output\ConsoleOutput))
#8 D:\xampp\htdocs\duhut-na-vselenata\artisan(36): Illuminate\Foundation\Console\Kernel->handle(Object(Symfony\Component\Console\Input\ArgvInput), Object(Symfony\Component\Console\Output\ConsoleOutput))
#9 {main}  
[2015-11-21 10:05:53] local.ERROR: exception 'RuntimeException' with message 'The "-p" option does not exist.' in D:\xampp\htdocs\duhut-na-vselenata\vendor\symfony\console\Input\ArgvInput.php:124
Stack trace:
#0 D:\xampp\htdocs\duhut-na-vselenata\vendor\symfony\console\Input\ArgvInput.php(105): Symfony\Component\Console\Input\ArgvInput->parseShortOptionSet('plain')
#1 D:\xampp\htdocs\duhut-na-vselenata\vendor\symfony\console\Input\ArgvInput.php(84): Symfony\Component\Console\Input\ArgvInput->parseShortOption('-plain')
#2 D:\xampp\htdocs\duhut-na-vselenata\vendor\symfony\console\Input\Input.php(61): Symfony\Component\Console\Input\ArgvInput->parse()
#3 D:\xampp\htdocs\duhut-na-vselenata\vendor\symfony\console\Command\Command.php(221): Symfony\Component\Console\Input\Input->bind(Object(Symfony\Component\Console\Input\InputDefinition))
#4 D:\xampp\htdocs\duhut-na-vselenata\vendor\laravel\framework\src\Illuminate\Console\Command.php(136): Symfony\Component\Console\Command\Command->run(Object(Symfony\Component\Console\Input\ArgvInput), Object(Symfony\Component\Console\Output\ConsoleOutput))
#5 D:\xampp\htdocs\duhut-na-vselenata\vendor\symfony\console\Application.php(838): Illuminate\Console\Command->run(Object(Symfony\Component\Console\Input\ArgvInput), Object(Symfony\Component\Console\Output\ConsoleOutput))
#6 D:\xampp\htdocs\duhut-na-vselenata\vendor\symfony\console\Application.php(189): Symfony\Component\Console\Application->doRunCommand(Object(Illuminate\Routing\Console\ControllerMakeCommand), Object(Symfony\Component\Console\Input\ArgvInput), Object(Symfony\Component\Console\Output\ConsoleOutput))
#7 D:\xampp\htdocs\duhut-na-vselenata\vendor\symfony\console\Application.php(120): Symfony\Component\Console\Application->doRun(Object(Symfony\Component\Console\Input\ArgvInput), Object(Symfony\Component\Console\Output\ConsoleOutput))
#8 D:\xampp\htdocs\duhut-na-vselenata\vendor\laravel\framework\src\Illuminate\Foundation\Console\Kernel.php(107): Symfony\Component\Console\Application->run(Object(Symfony\Component\Console\Input\ArgvInput), Object(Symfony\Component\Console\Output\ConsoleOutput))
#9 D:\xampp\htdocs\duhut-na-vselenata\artisan(36): Illuminate\Foundation\Console\Kernel->handle(Object(Symfony\Component\Console\Input\ArgvInput), Object(Symfony\Component\Console\Output\ConsoleOutput))
#10 {main}  
[2015-11-21 10:06:06] local.ERROR: exception 'RuntimeException' with message 'The "-p" option does not exist.' in D:\xampp\htdocs\duhut-na-vselenata\vendor\symfony\console\Input\ArgvInput.php:124
Stack trace:
#0 D:\xampp\htdocs\duhut-na-vselenata\vendor\symfony\console\Input\ArgvInput.php(105): Symfony\Component\Console\Input\ArgvInput->parseShortOptionSet('plain')
#1 D:\xampp\htdocs\duhut-na-vselenata\vendor\symfony\console\Input\ArgvInput.php(84): Symfony\Component\Console\Input\ArgvInput->parseShortOption('-plain')
#2 D:\xampp\htdocs\duhut-na-vselenata\vendor\symfony\console\Input\Input.php(61): Symfony\Component\Console\Input\ArgvInput->parse()
#3 D:\xampp\htdocs\duhut-na-vselenata\vendor\symfony\console\Command\Command.php(221): Symfony\Component\Console\Input\Input->bind(Object(Symfony\Component\Console\Input\InputDefinition))
#4 D:\xampp\htdocs\duhut-na-vselenata\vendor\laravel\framework\src\Illuminate\Console\Command.php(136): Symfony\Component\Console\Command\Command->run(Object(Symfony\Component\Console\Input\ArgvInput), Object(Symfony\Component\Console\Output\ConsoleOutput))
#5 D:\xampp\htdocs\duhut-na-vselenata\vendor\symfony\console\Application.php(838): Illuminate\Console\Command->run(Object(Symfony\Component\Console\Input\ArgvInput), Object(Symfony\Component\Console\Output\ConsoleOutput))
#6 D:\xampp\htdocs\duhut-na-vselenata\vendor\symfony\console\Application.php(189): Symfony\Component\Console\Application->doRunCommand(Object(Illuminate\Routing\Console\ControllerMakeCommand), Object(Symfony\Component\Console\Input\ArgvInput), Object(Symfony\Component\Console\Output\ConsoleOutput))
#7 D:\xampp\htdocs\duhut-na-vselenata\vendor\symfony\console\Application.php(120): Symfony\Component\Console\Application->doRun(Object(Symfony\Component\Console\Input\ArgvInput), Object(Symfony\Component\Console\Output\ConsoleOutput))
#8 D:\xampp\htdocs\duhut-na-vselenata\vendor\laravel\framework\src\Illuminate\Foundation\Console\Kernel.php(107): Symfony\Component\Console\Application->run(Object(Symfony\Component\Console\Input\ArgvInput), Object(Symfony\Component\Console\Output\ConsoleOutput))
#9 D:\xampp\htdocs\duhut-na-vselenata\artisan(36): Illuminate\Foundation\Console\Kernel->handle(Object(Symfony\Component\Console\Input\ArgvInput), Object(Symfony\Component\Console\Output\ConsoleOutput))
#10 {main}  
[2015-11-21 10:48:29] local.ERROR: exception 'Symfony\Component\Debug\Exception\FatalErrorException' with message 'Class 'Router' not found' in D:\xampp\htdocs\duhut-na-vselenata\app\Http\routes.php:16
Stack trace:
#0 {main}  
[2015-11-21 10:49:07] local.ERROR: exception 'Symfony\Component\Debug\Exception\FatalErrorException' with message 'Class 'Router' not found' in D:\xampp\htdocs\duhut-na-vselenata\app\Http\routes.php:16
Stack trace:
#0 {main}  
[2015-11-26 12:24:07] local.ERROR: exception 'ErrorException' with message 'Undefined variable: kolaj' in D:\xampp\htdocs\duhut-na-vselenata\storage\framework\views\eb63293d0caaa7d4ff6332fcce14a535:17
Stack trace:
#0 D:\xampp\htdocs\duhut-na-vselenata\storage\framework\views\eb63293d0caaa7d4ff6332fcce14a535(17): Illuminate\Foundation\Bootstrap\HandleExceptions->handleError(8, 'Undefined varia...', 'D:\\xampp\\htdocs...', 17, Array)
#1 D:\xampp\htdocs\duhut-na-vselenata\vendor\laravel\framework\src\Illuminate\View\Engines\PhpEngine.php(42): include('D:\\xampp\\htdocs...')
#2 D:\xampp\htdocs\duhut-na-vselenata\vendor\laravel\framework\src\Illuminate\View\Engines\CompilerEngine.php(58): Illuminate\View\Engines\PhpEngine->evaluatePath('D:\\xampp\\htdocs...', Array)
#3 D:\xampp\htdocs\duhut-na-vselenata\vendor\laravel\framework\src\Illuminate\View\View.php(135): Illuminate\View\Engines\CompilerEngine->get('D:\\xampp\\htdocs...', Array)
#4 D:\xampp\htdocs\duhut-na-vselenata\vendor\laravel\framework\src\Illuminate\View\View.php(106): Illuminate\View\View->getContents()
#5 D:\xampp\htdocs\duhut-na-vselenata\vendor\laravel\framework\src\Illuminate\View\View.php(80): Illuminate\View\View->renderContents()
#6 D:\xampp\htdocs\duhut-na-vselenata\vendor\laravel\framework\src\Illuminate\Http\Response.php(51): Illuminate\View\View->render()
#7 D:\xampp\htdocs\duhut-na-vselenata\vendor\symfony\http-foundation\Response.php(198): Illuminate\Http\Response->setContent(Object(Illuminate\View\View))
#8 D:\xampp\htdocs\duhut-na-vselenata\vendor\laravel\framework\src\Illuminate\Routing\Router.php(1225): Symfony\Component\HttpFoundation\Response->__construct(Object(Illuminate\View\View))
#9 D:\xampp\htdocs\duhut-na-vselenata\vendor\laravel\framework\src\Illuminate\Routing\ControllerDispatcher.php(113): Illuminate\Routing\Router->prepareResponse(Object(Illuminate\Http\Request), Object(Illuminate\View\View))
#10 [internal function]: Illuminate\Routing\ControllerDispatcher->Illuminate\Routing\{closure}(Object(Illuminate\Http\Request))
#11 D:\xampp\htdocs\duhut-na-vselenata\vendor\laravel\framework\src\Illuminate\Pipeline\Pipeline.php(139): call_user_func(Object(Closure), Object(Illuminate\Http\Request))
#12 [internal function]: Illuminate\Pipeline\Pipeline->Illuminate\Pipeline\{closure}(Object(Illuminate\Http\Request))
#13 D:\xampp\htdocs\duhut-na-vselenata\vendor\laravel\framework\src\Illuminate\Pipeline\Pipeline.php(103): call_user_func(Object(Closure), Object(Illuminate\Http\Request))
#14 D:\xampp\htdocs\duhut-na-vselenata\vendor\laravel\framework\src\Illuminate\Routing\ControllerDispatcher.php(114): Illuminate\Pipeline\Pipeline->then(Object(Closure))
#15 D:\xampp\htdocs\duhut-na-vselenata\vendor\laravel\framework\src\Illuminate\Routing\ControllerDispatcher.php(69): Illuminate\Routing\ControllerDispatcher->callWithinStack(Object(App\Http\Controllers\pagesController), Object(Illuminate\Routing\Route), Object(Illuminate\Http\Request), 'collages')
#16 D:\xampp\htdocs\duhut-na-vselenata\vendor\laravel\framework\src\Illuminate\Routing\Route.php(203): Illuminate\Routing\ControllerDispatcher->dispatch(Object(Illuminate\Routing\Route), Object(Illuminate\Http\Request), 'App\\Http\\Contro...', 'collages')
#17 D:\xampp\htdocs\duhut-na-vselenata\vendor\laravel\framework\src\Illuminate\Routing\Route.php(134): Illuminate\Routing\Route->runWithCustomDispatcher(Object(Illuminate\Http\Request))
#18 D:\xampp\htdocs\duhut-na-vselenata\vendor\laravel\framework\src\Illuminate\Routing\Router.php(704): Illuminate\Routing\Route->run(Object(Illuminate\Http\Request))
#19 [internal function]: Illuminate\Routing\Router->Illuminate\Routing\{closure}(Object(Illuminate\Http\Request))
#20 D:\xampp\htdocs\duhut-na-vselenata\vendor\laravel\framework\src\Illuminate\Pipeline\Pipeline.php(139): call_user_func(Object(Closure), Object(Illuminate\Http\Request))
#21 [internal function]: Illuminate\Pipeline\Pipeline->Illuminate\Pipeline\{closure}(Object(Illuminate\Http\Request))
#22 D:\xampp\htdocs\duhut-na-vselenata\vendor\laravel\framework\src\Illuminate\Pipeline\Pipeline.php(103): call_user_func(Object(Closure), Object(Illuminate\Http\Request))
#23 D:\xampp\htdocs\duhut-na-vselenata\vendor\laravel\framework\src\Illuminate\Routing\Router.php(706): Illuminate\Pipeline\Pipeline->then(Object(Closure))
#24 D:\xampp\htdocs\duhut-na-vselenata\vendor\laravel\framework\src\Illuminate\Routing\Router.php(671): Illuminate\Routing\Router->runRouteWithinStack(Object(Illuminate\Routing\Route), Object(Illuminate\Http\Request))
#25 D:\xampp\htdocs\duhut-na-vselenata\vendor\laravel\framework\src\Illuminate\Routing\Router.php(631): Illuminate\Routing\Router->dispatchToRoute(Object(Illuminate\Http\Request))
#26 D:\xampp\htdocs\duhut-na-vselenata\vendor\laravel\framework\src\Illuminate\Foundation\Http\Kernel.php(236): Illuminate\Routing\Router->dispatch(Object(Illuminate\Http\Request))
#27 [internal function]: Illuminate\Foundation\Http\Kernel->Illuminate\Foundation\Http\{closure}(Object(Illuminate\Http\Request))
#28 D:\xampp\htdocs\duhut-na-vselenata\vendor\laravel\framework\src\Illuminate\Pipeline\Pipeline.php(139): call_user_func(Object(Closure), Object(Illuminate\Http\Request))
#29 D:\xampp\htdocs\duhut-na-vselenata\vendor\laravel\framework\src\Illuminate\Foundation\Http\Middleware\VerifyCsrfToken.php(50): Illuminate\Pipeline\Pipeline->Illuminate\Pipeline\{closure}(Object(Illuminate\Http\Request))
#30 [internal function]: Illuminate\Foundation\Http\Middleware\VerifyCsrfToken->handle(Object(Illuminate\Http\Request), Object(Closure))
#31 D:\xampp\htdocs\duhut-na-vselenata\vendor\laravel\framework\src\Illuminate\Pipeline\Pipeline.php(124): call_user_func_array(Array, Array)
#32 D:\xampp\htdocs\duhut-na-vselenata\vendor\laravel\framework\src\Illuminate\View\Middleware\ShareErrorsFromSession.php(49): Illuminate\Pipeline\Pipeline->Illuminate\Pipeline\{closure}(Object(Illuminate\Http\Request))
#33 [internal function]: Illuminate\View\Middleware\ShareErrorsFromSession->handle(Object(Illuminate\Http\Request), Object(Closure))
#34 D:\xampp\htdocs\duhut-na-vselenata\vendor\laravel\framework\src\Illuminate\Pipeline\Pipeline.php(124): call_user_func_array(Array, Array)
#35 D:\xampp\htdocs\duhut-na-vselenata\vendor\laravel\framework\src\Illuminate\Session\Middleware\StartSession.php(62): Illuminate\Pipeline\Pipeline->Illuminate\Pipeline\{closure}(Object(Illuminate\Http\Request))
#36 [internal function]: Illuminate\Session\Middleware\StartSession->handle(Object(Illuminate\Http\Request), Object(Closure))
#37 D:\xampp\htdocs\duhut-na-vselenata\vendor\laravel\framework\src\Illuminate\Pipeline\Pipeline.php(124): call_user_func_array(Array, Array)
#38 D:\xampp\htdocs\duhut-na-vselenata\vendor\laravel\framework\src\Illuminate\Cookie\Middleware\AddQueuedCookiesToResponse.php(37): Illuminate\Pipeline\Pipeline->Illuminate\Pipeline\{closure}(Object(Illuminate\Http\Request))
#39 [internal function]: Illuminate\Cookie\Middleware\AddQueuedCookiesToResponse->handle(Object(Illuminate\Http\Request), Object(Closure))
#40 D:\xampp\htdocs\duhut-na-vselenata\vendor\laravel\framework\src\Illuminate\Pipeline\Pipeline.php(124): call_user_func_array(Array, Array)
#41 D:\xampp\htdocs\duhut-na-vselenata\vendor\laravel\framework\src\Illuminate\Cookie\Middleware\EncryptCookies.php(59): Illuminate\Pipeline\Pipeline->Illuminate\Pipeline\{closure}(Object(Illuminate\Http\Request))
#42 [internal function]: Illuminate\Cookie\Middleware\EncryptCookies->handle(Object(Illuminate\Http\Request), Object(Closure))
#43 D:\xampp\htdocs\duhut-na-vselenata\vendor\laravel\framework\src\Illuminate\Pipeline\Pipeline.php(124): call_user_func_array(Array, Array)
#44 D:\xampp\htdocs\duhut-na-vselenata\vendor\laravel\framework\src\Illuminate\Foundation\Http\Middleware\CheckForMaintenanceMode.php(42): Illuminate\Pipeline\Pipeline->Illuminate\Pipeline\{closure}(Object(Illuminate\Http\Request))
#45 [internal function]: Illuminate\Foundation\Http\Middleware\CheckForMaintenanceMode->handle(Object(Illuminate\Http\Request), Object(Closure))
#46 D:\xampp\htdocs\duhut-na-vselenata\vendor\laravel\framework\src\Illuminate\Pipeline\Pipeline.php(124): call_user_func_array(Array, Array)
#47 [internal function]: Illuminate\Pipeline\Pipeline->Illuminate\Pipeline\{closure}(Object(Illuminate\Http\Request))
#48 D:\xampp\htdocs\duhut-na-vselenata\vendor\laravel\framework\src\Illuminate\Pipeline\Pipeline.php(103): call_user_func(Object(Closure), Object(Illuminate\Http\Request))
#49 D:\xampp\htdocs\duhut-na-vselenata\vendor\laravel\framework\src\Illuminate\Foundation\Http\Kernel.php(122): Illuminate\Pipeline\Pipeline->then(Object(Closure))
#50 D:\xampp\htdocs\duhut-na-vselenata\vendor\laravel\framework\src\Illuminate\Foundation\Http\Kernel.php(87): Illuminate\Foundation\Http\Kernel->sendRequestThroughRouter(Object(Illuminate\Http\Request))
#51 D:\xampp\htdocs\duhut-na-vselenata\index.php(54): Illuminate\Foundation\Http\Kernel->handle(Object(Illuminate\Http\Request))
#52 D:\xampp\htdocs\duhut-na-vselenata\server.php(21): require_once('D:\\xampp\\htdocs...')
#53 {main}

Next exception 'ErrorException' with message 'Undefined variable: kolaj (View: D:\xampp\htdocs\duhut-na-vselenata\resources\views\collages.blade.php)' in D:\xampp\htdocs\duhut-na-vselenata\storage\framework\views\eb63293d0caaa7d4ff6332fcce14a535:17
Stack trace:
#0 D:\xampp\htdocs\duhut-na-vselenata\vendor\laravel\framework\src\Illuminate\View\Engines\PhpEngine.php(44): Illuminate\View\Engines\CompilerEngine->handleViewException(Object(ErrorException), 1)
#1 D:\xampp\htdocs\duhut-na-vselenata\vendor\laravel\framework\src\Illuminate\View\Engines\CompilerEngine.php(58): Illuminate\View\Engines\PhpEngine->evaluatePath('D:\\xampp\\htdocs...', Array)
#2 D:\xampp\htdocs\duhut-na-vselenata\vendor\laravel\framework\src\Illuminate\View\View.php(135): Illuminate\View\Engines\CompilerEngine->get('D:\\xampp\\htdocs...', Array)
#3 D:\xampp\htdocs\duhut-na-vselenata\vendor\laravel\framework\src\Illuminate\View\View.php(106): Illuminate\View\View->getContents()
#4 D:\xampp\htdocs\duhut-na-vselenata\vendor\laravel\framework\src\Illuminate\View\View.php(80): Illuminate\View\View->renderContents()
#5 D:\xampp\htdocs\duhut-na-vselenata\vendor\laravel\framework\src\Illuminate\Http\Response.php(51): Illuminate\View\View->render()
#6 D:\xampp\htdocs\duhut-na-vselenata\vendor\symfony\http-foundation\Response.php(198): Illuminate\Http\Response->setContent(Object(Illuminate\View\View))
#7 D:\xampp\htdocs\duhut-na-vselenata\vendor\laravel\framework\src\Illuminate\Routing\Router.php(1225): Symfony\Component\HttpFoundation\Response->__construct(Object(Illuminate\View\View))
#8 D:\xampp\htdocs\duhut-na-vselenata\vendor\laravel\framework\src\Illuminate\Routing\ControllerDispatcher.php(113): Illuminate\Routing\Router->prepareResponse(Object(Illuminate\Http\Request), Object(Illuminate\View\View))
#9 [internal function]: Illuminate\Routing\ControllerDispatcher->Illuminate\Routing\{closure}(Object(Illuminate\Http\Request))
#10 D:\xampp\htdocs\duhut-na-vselenata\vendor\laravel\framework\src\Illuminate\Pipeline\Pipeline.php(139): call_user_func(Object(Closure), Object(Illuminate\Http\Request))
#11 [internal function]: Illuminate\Pipeline\Pipeline->Illuminate\Pipeline\{closure}(Object(Illuminate\Http\Request))
#12 D:\xampp\htdocs\duhut-na-vselenata\vendor\laravel\framework\src\Illuminate\Pipeline\Pipeline.php(103): call_user_func(Object(Closure), Object(Illuminate\Http\Request))
#13 D:\xampp\htdocs\duhut-na-vselenata\vendor\laravel\framework\src\Illuminate\Routing\ControllerDispatcher.php(114): Illuminate\Pipeline\Pipeline->then(Object(Closure))
#14 D:\xampp\htdocs\duhut-na-vselenata\vendor\laravel\framework\src\Illuminate\Routing\ControllerDispatcher.php(69): Illuminate\Routing\ControllerDispatcher->callWithinStack(Object(App\Http\Controllers\pagesController), Object(Illuminate\Routing\Route), Object(Illuminate\Http\Request), 'collages')
#15 D:\xampp\htdocs\duhut-na-vselenata\vendor\laravel\framework\src\Illuminate\Routing\Route.php(203): Illuminate\Routing\ControllerDispatcher->dispatch(Object(Illuminate\Routing\Route), Object(Illuminate\Http\Request), 'App\\Http\\Contro...', 'collages')
#16 D:\xampp\htdocs\duhut-na-vselenata\vendor\laravel\framework\src\Illuminate\Routing\Route.php(134): Illuminate\Routing\Route->runWithCustomDispatcher(Object(Illuminate\Http\Request))
#17 D:\xampp\htdocs\duhut-na-vselenata\vendor\laravel\framework\src\Illuminate\Routing\Router.php(704): Illuminate\Routing\Route->run(Object(Illuminate\Http\Request))
#18 [internal function]: Illuminate\Routing\Router->Illuminate\Routing\{closure}(Object(Illuminate\Http\Request))
#19 D:\xampp\htdocs\duhut-na-vselenata\vendor\laravel\framework\src\Illuminate\Pipeline\Pipeline.php(139): call_user_func(Object(Closure), Object(Illuminate\Http\Request))
#20 [internal function]: Illuminate\Pipeline\Pipeline->Illuminate\Pipeline\{closure}(Object(Illuminate\Http\Request))
#21 D:\xampp\htdocs\duhut-na-vselenata\vendor\laravel\framework\src\Illuminate\Pipeline\Pipeline.php(103): call_user_func(Object(Closure), Object(Illuminate\Http\Request))
#22 D:\xampp\htdocs\duhut-na-vselenata\vendor\laravel\framework\src\Illuminate\Routing\Router.php(706): Illuminate\Pipeline\Pipeline->then(Object(Closure))
#23 D:\xampp\htdocs\duhut-na-vselenata\vendor\laravel\framework\src\Illuminate\Routing\Router.php(671): Illuminate\Routing\Router->runRouteWithinStack(Object(Illuminate\Routing\Route), Object(Illuminate\Http\Request))
#24 D:\xampp\htdocs\duhut-na-vselenata\vendor\laravel\framework\src\Illuminate\Routing\Router.php(631): Illuminate\Routing\Router->dispatchToRoute(Object(Illuminate\Http\Request))
#25 D:\xampp\htdocs\duhut-na-vselenata\vendor\laravel\framework\src\Illuminate\Foundation\Http\Kernel.php(236): Illuminate\Routing\Router->dispatch(Object(Illuminate\Http\Request))
#26 [internal function]: Illuminate\Foundation\Http\Kernel->Illuminate\Foundation\Http\{closure}(Object(Illuminate\Http\Request))
#27 D:\xampp\htdocs\duhut-na-vselenata\vendor\laravel\framework\src\Illuminate\Pipeline\Pipeline.php(139): call_user_func(Object(Closure), Object(Illuminate\Http\Request))
#28 D:\xampp\htdocs\duhut-na-vselenata\vendor\laravel\framework\src\Illuminate\Foundation\Http\Middleware\VerifyCsrfToken.php(50): Illuminate\Pipeline\Pipeline->Illuminate\Pipeline\{closure}(Object(Illuminate\Http\Request))
#29 [internal function]: Illuminate\Foundation\Http\Middleware\VerifyCsrfToken->handle(Object(Illuminate\Http\Request), Object(Closure))
#30 D:\xampp\htdocs\duhut-na-vselenata\vendor\laravel\framework\src\Illuminate\Pipeline\Pipeline.php(124): call_user_func_array(Array, Array)
#31 D:\xampp\htdocs\duhut-na-vselenata\vendor\laravel\framework\src\Illuminate\View\Middleware\ShareErrorsFromSession.php(49): Illuminate\Pipeline\Pipeline->Illuminate\Pipeline\{closure}(Object(Illuminate\Http\Request))
#32 [internal function]: Illuminate\View\Middleware\ShareErrorsFromSession->handle(Object(Illuminate\Http\Request), Object(Closure))
#33 D:\xampp\htdocs\duhut-na-vselenata\vendor\laravel\framework\src\Illuminate\Pipeline\Pipeline.php(124): call_user_func_array(Array, Array)
#34 D:\xampp\htdocs\duhut-na-vselenata\vendor\laravel\framework\src\Illuminate\Session\Middleware\StartSession.php(62): Illuminate\Pipeline\Pipeline->Illuminate\Pipeline\{closure}(Object(Illuminate\Http\Request))
#35 [internal function]: Illuminate\Session\Middleware\StartSession->handle(Object(Illuminate\Http\Request), Object(Closure))
#36 D:\xampp\htdocs\duhut-na-vselenata\vendor\laravel\framework\src\Illuminate\Pipeline\Pipeline.php(124): call_user_func_array(Array, Array)
#37 D:\xampp\htdocs\duhut-na-vselenata\vendor\laravel\framework\src\Illuminate\Cookie\Middleware\AddQueuedCookiesToResponse.php(37): Illuminate\Pipeline\Pipeline->Illuminate\Pipeline\{closure}(Object(Illuminate\Http\Request))
#38 [internal function]: Illuminate\Cookie\Middleware\AddQueuedCookiesToResponse->handle(Object(Illuminate\Http\Request), Object(Closure))
#39 D:\xampp\htdocs\duhut-na-vselenata\vendor\laravel\framework\src\Illuminate\Pipeline\Pipeline.php(124): call_user_func_array(Array, Array)
#40 D:\xampp\htdocs\duhut-na-vselenata\vendor\laravel\framework\src\Illuminate\Cookie\Middleware\EncryptCookies.php(59): Illuminate\Pipeline\Pipeline->Illuminate\Pipeline\{closure}(Object(Illuminate\Http\Request))
#41 [internal function]: Illuminate\Cookie\Middleware\EncryptCookies->handle(Object(Illuminate\Http\Request), Object(Closure))
#42 D:\xampp\htdocs\duhut-na-vselenata\vendor\laravel\framework\src\Illuminate\Pipeline\Pipeline.php(124): call_user_func_array(Array, Array)
#43 D:\xampp\htdocs\duhut-na-vselenata\vendor\laravel\framework\src\Illuminate\Foundation\Http\Middleware\CheckForMaintenanceMode.php(42): Illuminate\Pipeline\Pipeline->Illuminate\Pipeline\{closure}(Object(Illuminate\Http\Request))
#44 [internal function]: Illuminate\Foundation\Http\Middleware\CheckForMaintenanceMode->handle(Object(Illuminate\Http\Request), Object(Closure))
#45 D:\xampp\htdocs\duhut-na-vselenata\vendor\laravel\framework\src\Illuminate\Pipeline\Pipeline.php(124): call_user_func_array(Array, Array)
#46 [internal function]: Illuminate\Pipeline\Pipeline->Illuminate\Pipeline\{closure}(Object(Illuminate\Http\Request))
#47 D:\xampp\htdocs\duhut-na-vselenata\vendor\laravel\framework\src\Illuminate\Pipeline\Pipeline.php(103): call_user_func(Object(Closure), Object(Illuminate\Http\Request))
#48 D:\xampp\htdocs\duhut-na-vselenata\vendor\laravel\framework\src\Illuminate\Foundation\Http\Kernel.php(122): Illuminate\Pipeline\Pipeline->then(Object(Closure))
#49 D:\xampp\htdocs\duhut-na-vselenata\vendor\laravel\framework\src\Illuminate\Foundation\Http\Kernel.php(87): Illuminate\Foundation\Http\Kernel->sendRequestThroughRouter(Object(Illuminate\Http\Request))
#50 D:\xampp\htdocs\duhut-na-vselenata\index.php(54): Illuminate\Foundation\Http\Kernel->handle(Object(Illuminate\Http\Request))
#51 D:\xampp\htdocs\duhut-na-vselenata\server.php(21): require_once('D:\\xampp\\htdocs...')
#52 {main}  
[2015-11-26 12:45:42] local.ERROR: exception 'ErrorException' with message 'Use of undefined constant kolaji - assumed 'kolaji'' in D:\xampp\htdocs\duhut-na-vselenata\storage\framework\views\eb63293d0caaa7d4ff6332fcce14a535:21
Stack trace:
#0 D:\xampp\htdocs\duhut-na-vselenata\storage\framework\views\eb63293d0caaa7d4ff6332fcce14a535(21): Illuminate\Foundation\Bootstrap\HandleExceptions->handleError(8, 'Use of undefine...', 'D:\\xampp\\htdocs...', 21, Array)
#1 D:\xampp\htdocs\duhut-na-vselenata\vendor\laravel\framework\src\Illuminate\View\Engines\PhpEngine.php(42): include('D:\\xampp\\htdocs...')
#2 D:\xampp\htdocs\duhut-na-vselenata\vendor\laravel\framework\src\Illuminate\View\Engines\CompilerEngine.php(58): Illuminate\View\Engines\PhpEngine->evaluatePath('D:\\xampp\\htdocs...', Array)
#3 D:\xampp\htdocs\duhut-na-vselenata\vendor\laravel\framework\src\Illuminate\View\View.php(135): Illuminate\View\Engines\CompilerEngine->get('D:\\xampp\\htdocs...', Array)
#4 D:\xampp\htdocs\duhut-na-vselenata\vendor\laravel\framework\src\Illuminate\View\View.php(106): Illuminate\View\View->getContents()
#5 D:\xampp\htdocs\duhut-na-vselenata\vendor\laravel\framework\src\Illuminate\View\View.php(80): Illuminate\View\View->renderContents()
#6 D:\xampp\htdocs\duhut-na-vselenata\vendor\laravel\framework\src\Illuminate\Http\Response.php(51): Illuminate\View\View->render()
#7 D:\xampp\htdocs\duhut-na-vselenata\vendor\symfony\http-foundation\Response.php(198): Illuminate\Http\Response->setContent(Object(Illuminate\View\View))
#8 D:\xampp\htdocs\duhut-na-vselenata\vendor\laravel\framework\src\Illuminate\Routing\Router.php(1225): Symfony\Component\HttpFoundation\Response->__construct(Object(Illuminate\View\View))
#9 D:\xampp\htdocs\duhut-na-vselenata\vendor\laravel\framework\src\Illuminate\Routing\ControllerDispatcher.php(113): Illuminate\Routing\Router->prepareResponse(Object(Illuminate\Http\Request), Object(Illuminate\View\View))
#10 [internal function]: Illuminate\Routing\ControllerDispatcher->Illuminate\Routing\{closure}(Object(Illuminate\Http\Request))
#11 D:\xampp\htdocs\duhut-na-vselenata\vendor\laravel\framework\src\Illuminate\Pipeline\Pipeline.php(139): call_user_func(Object(Closure), Object(Illuminate\Http\Request))
#12 [internal function]: Illuminate\Pipeline\Pipeline->Illuminate\Pipeline\{closure}(Object(Illuminate\Http\Request))
#13 D:\xampp\htdocs\duhut-na-vselenata\vendor\laravel\framework\src\Illuminate\Pipeline\Pipeline.php(103): call_user_func(Object(Closure), Object(Illuminate\Http\Request))
#14 D:\xampp\htdocs\duhut-na-vselenata\vendor\laravel\framework\src\Illuminate\Routing\ControllerDispatcher.php(114): Illuminate\Pipeline\Pipeline->then(Object(Closure))
#15 D:\xampp\htdocs\duhut-na-vselenata\vendor\laravel\framework\src\Illuminate\Routing\ControllerDispatcher.php(69): Illuminate\Routing\ControllerDispatcher->callWithinStack(Object(App\Http\Controllers\pagesController), Object(Illuminate\Routing\Route), Object(Illuminate\Http\Request), 'collages')
#16 D:\xampp\htdocs\duhut-na-vselenata\vendor\laravel\framework\src\Illuminate\Routing\Route.php(203): Illuminate\Routing\ControllerDispatcher->dispatch(Object(Illuminate\Routing\Route), Object(Illuminate\Http\Request), 'App\\Http\\Contro...', 'collages')
#17 D:\xampp\htdocs\duhut-na-vselenata\vendor\laravel\framework\src\Illuminate\Routing\Route.php(134): Illuminate\Routing\Route->runWithCustomDispatcher(Object(Illuminate\Http\Request))
#18 D:\xampp\htdocs\duhut-na-vselenata\vendor\laravel\framework\src\Illuminate\Routing\Router.php(704): Illuminate\Routing\Route->run(Object(Illuminate\Http\Request))
#19 [internal function]: Illuminate\Routing\Router->Illuminate\Routing\{closure}(Object(Illuminate\Http\Request))
#20 D:\xampp\htdocs\duhut-na-vselenata\vendor\laravel\framework\src\Illuminate\Pipeline\Pipeline.php(139): call_user_func(Object(Closure), Object(Illuminate\Http\Request))
#21 [internal function]: Illuminate\Pipeline\Pipeline->Illuminate\Pipeline\{closure}(Object(Illuminate\Http\Request))
#22 D:\xampp\htdocs\duhut-na-vselenata\vendor\laravel\framework\src\Illuminate\Pipeline\Pipeline.php(103): call_user_func(Object(Closure), Object(Illuminate\Http\Request))
#23 D:\xampp\htdocs\duhut-na-vselenata\vendor\laravel\framework\src\Illuminate\Routing\Router.php(706): Illuminate\Pipeline\Pipeline->then(Object(Closure))
#24 D:\xampp\htdocs\duhut-na-vselenata\vendor\laravel\framework\src\Illuminate\Routing\Router.php(671): Illuminate\Routing\Router->runRouteWithinStack(Object(Illuminate\Routing\Route), Object(Illuminate\Http\Request))
#25 D:\xampp\htdocs\duhut-na-vselenata\vendor\laravel\framework\src\Illuminate\Routing\Router.php(631): Illuminate\Routing\Router->dispatchToRoute(Object(Illuminate\Http\Request))
#26 D:\xampp\htdocs\duhut-na-vselenata\vendor\laravel\framework\src\Illuminate\Foundation\Http\Kernel.php(236): Illuminate\Routing\Router->dispatch(Object(Illuminate\Http\Request))
#27 [internal function]: Illuminate\Foundation\Http\Kernel->Illuminate\Foundation\Http\{closure}(Object(Illuminate\Http\Request))
#28 D:\xampp\htdocs\duhut-na-vselenata\vendor\laravel\framework\src\Illuminate\Pipeline\Pipeline.php(139): call_user_func(Object(Closure), Object(Illuminate\Http\Request))
#29 D:\xampp\htdocs\duhut-na-vselenata\vendor\laravel\framework\src\Illuminate\Foundation\Http\Middleware\VerifyCsrfToken.php(50): Illuminate\Pipeline\Pipeline->Illuminate\Pipeline\{closure}(Object(Illuminate\Http\Request))
#30 [internal function]: Illuminate\Foundation\Http\Middleware\VerifyCsrfToken->handle(Object(Illuminate\Http\Request), Object(Closure))
#31 D:\xampp\htdocs\duhut-na-vselenata\vendor\laravel\framework\src\Illuminate\Pipeline\Pipeline.php(124): call_user_func_array(Array, Array)
#32 D:\xampp\htdocs\duhut-na-vselenata\vendor\laravel\framework\src\Illuminate\View\Middleware\ShareErrorsFromSession.php(49): Illuminate\Pipeline\Pipeline->Illuminate\Pipeline\{closure}(Object(Illuminate\Http\Request))
#33 [internal function]: Illuminate\View\Middleware\ShareErrorsFromSession->handle(Object(Illuminate\Http\Request), Object(Closure))
#34 D:\xampp\htdocs\duhut-na-vselenata\vendor\laravel\framework\src\Illuminate\Pipeline\Pipeline.php(124): call_user_func_array(Array, Array)
#35 D:\xampp\htdocs\duhut-na-vselenata\vendor\laravel\framework\src\Illuminate\Session\Middleware\StartSession.php(62): Illuminate\Pipeline\Pipeline->Illuminate\Pipeline\{closure}(Object(Illuminate\Http\Request))
#36 [internal function]: Illuminate\Session\Middleware\StartSession->handle(Object(Illuminate\Http\Request), Object(Closure))
#37 D:\xampp\htdocs\duhut-na-vselenata\vendor\laravel\framework\src\Illuminate\Pipeline\Pipeline.php(124): call_user_func_array(Array, Array)
#38 D:\xampp\htdocs\duhut-na-vselenata\vendor\laravel\framework\src\Illuminate\Cookie\Middleware\AddQueuedCookiesToResponse.php(37): Illuminate\Pipeline\Pipeline->Illuminate\Pipeline\{closure}(Object(Illuminate\Http\Request))
#39 [internal function]: Illuminate\Cookie\Middleware\AddQueuedCookiesToResponse->handle(Object(Illuminate\Http\Request), Object(Closure))
#40 D:\xampp\htdocs\duhut-na-vselenata\vendor\laravel\framework\src\Illuminate\Pipeline\Pipeline.php(124): call_user_func_array(Array, Array)
#41 D:\xampp\htdocs\duhut-na-vselenata\vendor\laravel\framework\src\Illuminate\Cookie\Middleware\EncryptCookies.php(59): Illuminate\Pipeline\Pipeline->Illuminate\Pipeline\{closure}(Object(Illuminate\Http\Request))
#42 [internal function]: Illuminate\Cookie\Middleware\EncryptCookies->handle(Object(Illuminate\Http\Request), Object(Closure))
#43 D:\xampp\htdocs\duhut-na-vselenata\vendor\laravel\framework\src\Illuminate\Pipeline\Pipeline.php(124): call_user_func_array(Array, Array)
#44 D:\xampp\htdocs\duhut-na-vselenata\vendor\laravel\framework\src\Illuminate\Foundation\Http\Middleware\CheckForMaintenanceMode.php(42): Illuminate\Pipeline\Pipeline->Illuminate\Pipeline\{closure}(Object(Illuminate\Http\Request))
#45 [internal function]: Illuminate\Foundation\Http\Middleware\CheckForMaintenanceMode->handle(Object(Illuminate\Http\Request), Object(Closure))
#46 D:\xampp\htdocs\duhut-na-vselenata\vendor\laravel\framework\src\Illuminate\Pipeline\Pipeline.php(124): call_user_func_array(Array, Array)
#47 [internal function]: Illuminate\Pipeline\Pipeline->Illuminate\Pipeline\{closure}(Object(Illuminate\Http\Request))
#48 D:\xampp\htdocs\duhut-na-vselenata\vendor\laravel\framework\src\Illuminate\Pipeline\Pipeline.php(103): call_user_func(Object(Closure), Object(Illuminate\Http\Request))
#49 D:\xampp\htdocs\duhut-na-vselenata\vendor\laravel\framework\src\Illuminate\Foundation\Http\Kernel.php(122): Illuminate\Pipeline\Pipeline->then(Object(Closure))
#50 D:\xampp\htdocs\duhut-na-vselenata\vendor\laravel\framework\src\Illuminate\Foundation\Http\Kernel.php(87): Illuminate\Foundation\Http\Kernel->sendRequestThroughRouter(Object(Illuminate\Http\Request))
#51 D:\xampp\htdocs\duhut-na-vselenata\index.php(54): Illuminate\Foundation\Http\Kernel->handle(Object(Illuminate\Http\Request))
#52 D:\xampp\htdocs\duhut-na-vselenata\server.php(21): require_once('D:\\xampp\\htdocs...')
#53 {main}

Next exception 'ErrorException' with message 'Use of undefined constant kolaji - assumed 'kolaji' (View: D:\xampp\htdocs\duhut-na-vselenata\resources\views\collages.blade.php)' in D:\xampp\htdocs\duhut-na-vselenata\storage\framework\views\eb63293d0caaa7d4ff6332fcce14a535:21
Stack trace:
#0 D:\xampp\htdocs\duhut-na-vselenata\vendor\laravel\framework\src\Illuminate\View\Engines\PhpEngine.php(44): Illuminate\View\Engines\CompilerEngine->handleViewException(Object(ErrorException), 1)
#1 D:\xampp\htdocs\duhut-na-vselenata\vendor\laravel\framework\src\Illuminate\View\Engines\CompilerEngine.php(58): Illuminate\View\Engines\PhpEngine->evaluatePath('D:\\xampp\\htdocs...', Array)
#2 D:\xampp\htdocs\duhut-na-vselenata\vendor\laravel\framework\src\Illuminate\View\View.php(135): Illuminate\View\Engines\CompilerEngine->get('D:\\xampp\\htdocs...', Array)
#3 D:\xampp\htdocs\duhut-na-vselenata\vendor\laravel\framework\src\Illuminate\View\View.php(106): Illuminate\View\View->getContents()
#4 D:\xampp\htdocs\duhut-na-vselenata\vendor\laravel\framework\src\Illuminate\View\View.php(80): Illuminate\View\View->renderContents()
#5 D:\xampp\htdocs\duhut-na-vselenata\vendor\laravel\framework\src\Illuminate\Http\Response.php(51): Illuminate\View\View->render()
#6 D:\xampp\htdocs\duhut-na-vselenata\vendor\symfony\http-foundation\Response.php(198): Illuminate\Http\Response->setContent(Object(Illuminate\View\View))
#7 D:\xampp\htdocs\duhut-na-vselenata\vendor\laravel\framework\src\Illuminate\Routing\Router.php(1225): Symfony\Component\HttpFoundation\Response->__construct(Object(Illuminate\View\View))
#8 D:\xampp\htdocs\duhut-na-vselenata\vendor\laravel\framework\src\Illuminate\Routing\ControllerDispatcher.php(113): Illuminate\Routing\Router->prepareResponse(Object(Illuminate\Http\Request), Object(Illuminate\View\View))
#9 [internal function]: Illuminate\Routing\ControllerDispatcher->Illuminate\Routing\{closure}(Object(Illuminate\Http\Request))
#10 D:\xampp\htdocs\duhut-na-vselenata\vendor\laravel\framework\src\Illuminate\Pipeline\Pipeline.php(139): call_user_func(Object(Closure), Object(Illuminate\Http\Request))
#11 [internal function]: Illuminate\Pipeline\Pipeline->Illuminate\Pipeline\{closure}(Object(Illuminate\Http\Request))
#12 D:\xampp\htdocs\duhut-na-vselenata\vendor\laravel\framework\src\Illuminate\Pipeline\Pipeline.php(103): call_user_func(Object(Closure), Object(Illuminate\Http\Request))
#13 D:\xampp\htdocs\duhut-na-vselenata\vendor\laravel\framework\src\Illuminate\Routing\ControllerDispatcher.php(114): Illuminate\Pipeline\Pipeline->then(Object(Closure))
#14 D:\xampp\htdocs\duhut-na-vselenata\vendor\laravel\framework\src\Illuminate\Routing\ControllerDispatcher.php(69): Illuminate\Routing\ControllerDispatcher->callWithinStack(Object(App\Http\Controllers\pagesController), Object(Illuminate\Routing\Route), Object(Illuminate\Http\Request), 'collages')
#15 D:\xampp\htdocs\duhut-na-vselenata\vendor\laravel\framework\src\Illuminate\Routing\Route.php(203): Illuminate\Routing\ControllerDispatcher->dispatch(Object(Illuminate\Routing\Route), Object(Illuminate\Http\Request), 'App\\Http\\Contro...', 'collages')
#16 D:\xampp\htdocs\duhut-na-vselenata\vendor\laravel\framework\src\Illuminate\Routing\Route.php(134): Illuminate\Routing\Route->runWithCustomDispatcher(Object(Illuminate\Http\Request))
#17 D:\xampp\htdocs\duhut-na-vselenata\vendor\laravel\framework\src\Illuminate\Routing\Router.php(704): Illuminate\Routing\Route->run(Object(Illuminate\Http\Request))
#18 [internal function]: Illuminate\Routing\Router->Illuminate\Routing\{closure}(Object(Illuminate\Http\Request))
#19 D:\xampp\htdocs\duhut-na-vselenata\vendor\laravel\framework\src\Illuminate\Pipeline\Pipeline.php(139): call_user_func(Object(Closure), Object(Illuminate\Http\Request))
#20 [internal function]: Illuminate\Pipeline\Pipeline->Illuminate\Pipeline\{closure}(Object(Illuminate\Http\Request))
#21 D:\xampp\htdocs\duhut-na-vselenata\vendor\laravel\framework\src\Illuminate\Pipeline\Pipeline.php(103): call_user_func(Object(Closure), Object(Illuminate\Http\Request))
#22 D:\xampp\htdocs\duhut-na-vselenata\vendor\laravel\framework\src\Illuminate\Routing\Router.php(706): Illuminate\Pipeline\Pipeline->then(Object(Closure))
#23 D:\xampp\htdocs\duhut-na-vselenata\vendor\laravel\framework\src\Illuminate\Routing\Router.php(671): Illuminate\Routing\Router->runRouteWithinStack(Object(Illuminate\Routing\Route), Object(Illuminate\Http\Request))
#24 D:\xampp\htdocs\duhut-na-vselenata\vendor\laravel\framework\src\Illuminate\Routing\Router.php(631): Illuminate\Routing\Router->dispatchToRoute(Object(Illuminate\Http\Request))
#25 D:\xampp\htdocs\duhut-na-vselenata\vendor\laravel\framework\src\Illuminate\Foundation\Http\Kernel.php(236): Illuminate\Routing\Router->dispatch(Object(Illuminate\Http\Request))
#26 [internal function]: Illuminate\Foundation\Http\Kernel->Illuminate\Foundation\Http\{closure}(Object(Illuminate\Http\Request))
#27 D:\xampp\htdocs\duhut-na-vselenata\vendor\laravel\framework\src\Illuminate\Pipeline\Pipeline.php(139): call_user_func(Object(Closure), Object(Illuminate\Http\Request))
#28 D:\xampp\htdocs\duhut-na-vselenata\vendor\laravel\framework\src\Illuminate\Foundation\Http\Middleware\VerifyCsrfToken.php(50): Illuminate\Pipeline\Pipeline->Illuminate\Pipeline\{closure}(Object(Illuminate\Http\Request))
#29 [internal function]: Illuminate\Foundation\Http\Middleware\VerifyCsrfToken->handle(Object(Illuminate\Http\Request), Object(Closure))
#30 D:\xampp\htdocs\duhut-na-vselenata\vendor\laravel\framework\src\Illuminate\Pipeline\Pipeline.php(124): call_user_func_array(Array, Array)
#31 D:\xampp\htdocs\duhut-na-vselenata\vendor\laravel\framework\src\Illuminate\View\Middleware\ShareErrorsFromSession.php(49): Illuminate\Pipeline\Pipeline->Illuminate\Pipeline\{closure}(Object(Illuminate\Http\Request))
#32 [internal function]: Illuminate\View\Middleware\ShareErrorsFromSession->handle(Object(Illuminate\Http\Request), Object(Closure))
#33 D:\xampp\htdocs\duhut-na-vselenata\vendor\laravel\framework\src\Illuminate\Pipeline\Pipeline.php(124): call_user_func_array(Array, Array)
#34 D:\xampp\htdocs\duhut-na-vselenata\vendor\laravel\framework\src\Illuminate\Session\Middleware\StartSession.php(62): Illuminate\Pipeline\Pipeline->Illuminate\Pipeline\{closure}(Object(Illuminate\Http\Request))
#35 [internal function]: Illuminate\Session\Middleware\StartSession->handle(Object(Illuminate\Http\Request), Object(Closure))
#36 D:\xampp\htdocs\duhut-na-vselenata\vendor\laravel\framework\src\Illuminate\Pipeline\Pipeline.php(124): call_user_func_array(Array, Array)
#37 D:\xampp\htdocs\duhut-na-vselenata\vendor\laravel\framework\src\Illuminate\Cookie\Middleware\AddQueuedCookiesToResponse.php(37): Illuminate\Pipeline\Pipeline->Illuminate\Pipeline\{closure}(Object(Illuminate\Http\Request))
#38 [internal function]: Illuminate\Cookie\Middleware\AddQueuedCookiesToResponse->handle(Object(Illuminate\Http\Request), Object(Closure))
#39 D:\xampp\htdocs\duhut-na-vselenata\vendor\laravel\framework\src\Illuminate\Pipeline\Pipeline.php(124): call_user_func_array(Array, Array)
#40 D:\xampp\htdocs\duhut-na-vselenata\vendor\laravel\framework\src\Illuminate\Cookie\Middleware\EncryptCookies.php(59): Illuminate\Pipeline\Pipeline->Illuminate\Pipeline\{closure}(Object(Illuminate\Http\Request))
#41 [internal function]: Illuminate\Cookie\Middleware\EncryptCookies->handle(Object(Illuminate\Http\Request), Object(Closure))
#42 D:\xampp\htdocs\duhut-na-vselenata\vendor\laravel\framework\src\Illuminate\Pipeline\Pipeline.php(124): call_user_func_array(Array, Array)
#43 D:\xampp\htdocs\duhut-na-vselenata\vendor\laravel\framework\src\Illuminate\Foundation\Http\Middleware\CheckForMaintenanceMode.php(42): Illuminate\Pipeline\Pipeline->Illuminate\Pipeline\{closure}(Object(Illuminate\Http\Request))
#44 [internal function]: Illuminate\Foundation\Http\Middleware\CheckForMaintenanceMode->handle(Object(Illuminate\Http\Request), Object(Closure))
#45 D:\xampp\htdocs\duhut-na-vselenata\vendor\laravel\framework\src\Illuminate\Pipeline\Pipeline.php(124): call_user_func_array(Array, Array)
#46 [internal function]: Illuminate\Pipeline\Pipeline->Illuminate\Pipeline\{closure}(Object(Illuminate\Http\Request))
#47 D:\xampp\htdocs\duhut-na-vselenata\vendor\laravel\framework\src\Illuminate\Pipeline\Pipeline.php(103): call_user_func(Object(Closure), Object(Illuminate\Http\Request))
#48 D:\xampp\htdocs\duhut-na-vselenata\vendor\laravel\framework\src\Illuminate\Foundation\Http\Kernel.php(122): Illuminate\Pipeline\Pipeline->then(Object(Closure))
#49 D:\xampp\htdocs\duhut-na-vselenata\vendor\laravel\framework\src\Illuminate\Foundation\Http\Kernel.php(87): Illuminate\Foundation\Http\Kernel->sendRequestThroughRouter(Object(Illuminate\Http\Request))
#50 D:\xampp\htdocs\duhut-na-vselenata\index.php(54): Illuminate\Foundation\Http\Kernel->handle(Object(Illuminate\Http\Request))
#51 D:\xampp\htdocs\duhut-na-vselenata\server.php(21): require_once('D:\\xampp\\htdocs...')
#52 {main}  
